<?xml version="1.0" encoding="UTF-8"?>
<testng-results ignored="0" total="2" passed="1" failed="1" skipped="0">
  <reporter-output>
  </reporter-output>
  <suite started-at="2024-02-19T05:36:27Z" name="Suite" finished-at="2024-02-19T05:36:36Z" duration-ms="8608">
    <groups>
    </groups>
    <test started-at="2024-02-19T05:36:27Z" name="Test1" finished-at="2024-02-19T05:36:36Z" duration-ms="8608">
      <class name="datadriven.ExtentReportsTest">
        <test-method is-config="true" signature="setup()[pri:0, instance:datadriven.ExtentReportsTest@51fadaff]" started-at="2024-02-19T05:36:27Z" name="setup" finished-at="2024-02-19T05:36:27Z" duration-ms="247" status="PASS">
          <reporter-output>
          </reporter-output>
        </test-method> <!-- setup -->
        <test-method is-config="true" signature="launchApp(java.lang.String, java.lang.String)[pri:0, instance:datadriven.ExtentReportsTest@51fadaff]" started-at="2024-02-19T05:36:27Z" name="launchApp" finished-at="2024-02-19T05:36:32Z" duration-ms="4093" status="PASS">
          <params>
            <param index="0">
              <value>
                <![CDATA[chrome]]>
              </value>
            </param>
            <param index="1">
              <value>
                <![CDATA[https://opensource-demo.orangehrmlive.com/web/index.php/auth/login]]>
              </value>
            </param>
          </params>
          <reporter-output>
          </reporter-output>
        </test-method> <!-- launchApp -->
        <test-method signature="TC_Login_01()[pri:0, instance:datadriven.ExtentReportsTest@51fadaff]" started-at="2024-02-19T05:36:32Z" name="TC_Login_01" finished-at="2024-02-19T05:36:32Z" duration-ms="13" status="FAIL">
          <exception class="java.lang.Exception">
            <message>
              <![CDATA[Actual and expected page titles are NOT equal]]>
            </message>
            <full-stacktrace>
              <![CDATA[java.lang.Exception: Actual and expected page titles are NOT equal
at datadriven.ExtentReportsTest.TC_Login_01(ExtentReportsTest.java:76)
at java.base/jdk.internal.reflect.NativeMethodAccessorImpl.invoke0(Native Method)
at java.base/jdk.internal.reflect.NativeMethodAccessorImpl.invoke(NativeMethodAccessorImpl.java:77)
at java.base/jdk.internal.reflect.DelegatingMethodAccessorImpl.invoke(DelegatingMethodAccessorImpl.java:43)
at java.base/java.lang.reflect.Method.invoke(Method.java:568)
at org.testng.internal.MethodInvocationHelper.invokeMethod(MethodInvocationHelper.java:124)
at org.testng.internal.Invoker.invokeMethod(Invoker.java:583)
at org.testng.internal.Invoker.invokeTestMethod(Invoker.java:719)
at org.testng.internal.Invoker.invokeTestMethods(Invoker.java:989)
at org.testng.internal.TestMethodWorker.invokeTestMethods(TestMethodWorker.java:125)
at org.testng.internal.TestMethodWorker.run(TestMethodWorker.java:109)
at org.testng.TestRunner.privateRun(TestRunner.java:648)
at org.testng.TestRunner.run(TestRunner.java:505)
at org.testng.SuiteRunner.runTest(SuiteRunner.java:455)
at org.testng.SuiteRunner.runSequentially(SuiteRunner.java:450)
at org.testng.SuiteRunner.privateRun(SuiteRunner.java:415)
at org.testng.SuiteRunner.run(SuiteRunner.java:364)
at org.testng.SuiteRunnerWorker.runSuite(SuiteRunnerWorker.java:52)
at org.testng.SuiteRunnerWorker.run(SuiteRunnerWorker.java:84)
at org.testng.TestNG.runSuitesSequentially(TestNG.java:1208)
at org.testng.TestNG.runSuitesLocally(TestNG.java:1137)
at org.testng.TestNG.runSuites(TestNG.java:1049)
at org.testng.TestNG.run(TestNG.java:1017)
at org.testng.remote.AbstractRemoteTestNG.run(AbstractRemoteTestNG.java:115)
at org.testng.remote.RemoteTestNG.initAndRun(RemoteTestNG.java:251)
at org.testng.remote.RemoteTestNG.main(RemoteTestNG.java:77)
]]>
            </full-stacktrace>
          </exception> <!-- java.lang.Exception -->
          <reporter-output>
          </reporter-output>
        </test-method> <!-- TC_Login_01 -->
        <test-method is-config="true" signature="afterMethod(org.testng.ITestResult)[pri:0, instance:datadriven.ExtentReportsTest@51fadaff]" started-at="2024-02-19T05:36:32Z" name="afterMethod" finished-at="2024-02-19T05:36:35Z" duration-ms="3166" status="PASS">
          <params>
            <param index="0">
              <value>
                <![CDATA[[TestResult name=TC_Login_01 status=FAILURE method=ExtentReportsTest.TC_Login_01()[pri:0, instance:datadriven.ExtentReportsTest@51fadaff] output={null}]]]>
              </value>
            </param>
          </params>
          <reporter-output>
          </reporter-output>
        </test-method> <!-- afterMethod -->
        <test-method signature="TC_Login_02()[pri:0, instance:datadriven.ExtentReportsTest@51fadaff]" started-at="2024-02-19T05:36:35Z" name="TC_Login_02" finished-at="2024-02-19T05:36:36Z" duration-ms="1322" status="PASS">
          <reporter-output>
          </reporter-output>
        </test-method> <!-- TC_Login_02 -->
        <test-method is-config="true" signature="afterMethod(org.testng.ITestResult)[pri:0, instance:datadriven.ExtentReportsTest@51fadaff]" started-at="2024-02-19T05:36:36Z" name="afterMethod" finished-at="2024-02-19T05:36:36Z" duration-ms="1" status="PASS">
          <params>
            <param index="0">
              <value>
                <![CDATA[[TestResult name=TC_Login_02 status=SUCCESS method=ExtentReportsTest.TC_Login_02()[pri:0, instance:datadriven.ExtentReportsTest@51fadaff] output={null}]]]>
              </value>
            </param>
          </params>
          <reporter-output>
          </reporter-output>
        </test-method> <!-- afterMethod -->
        <test-method is-config="true" signature="afterSuite()[pri:0, instance:datadriven.ExtentReportsTest@51fadaff]" started-at="2024-02-19T05:36:36Z" name="afterSuite" finished-at="2024-02-19T05:36:37Z" duration-ms="694" status="PASS">
          <reporter-output>
          </reporter-output>
        </test-method> <!-- afterSuite -->
      </class> <!-- datadriven.ExtentReportsTest -->
    </test> <!-- Test1 -->
  </suite> <!-- Suite -->
</testng-results>
